<?xml version="1.0" encoding="UTF-8"?>
<testng-results ignored="0" total="1" passed="1" failed="0" skipped="0">
  <reporter-output>
  </reporter-output>
  <suite started-at="2024-08-27T08:56:12 IST" name="Default suite" finished-at="2024-08-27T08:56:14 IST" duration-ms="1866">
    <groups>
    </groups>
    <test started-at="2024-08-27T08:56:12 IST" name="Default test" finished-at="2024-08-27T08:56:14 IST" duration-ms="1866">
      <class name="Jsoup.jsoupdemo">
        <test-method is-config="true" signature="beforesuit()[pri:0, instance:Jsoup.jsoupdemo@17bffc17]" started-at="2024-08-27T08:56:11 IST" name="beforesuit" finished-at="2024-08-27T08:56:12 IST" duration-ms="1390" status="PASS">
          <reporter-output>
          </reporter-output>
        </test-method> <!-- beforesuit -->
        <test-method is-config="true" signature="beforeclas()[pri:0, instance:Jsoup.jsoupdemo@17bffc17]" started-at="2024-08-27T08:56:12 IST" name="beforeclas" finished-at="2024-08-27T08:56:14 IST" duration-ms="1400" status="PASS">
          <reporter-output>
          </reporter-output>
        </test-method> <!-- beforeclas -->
        <test-method signature="jsoupdemomethod()[pri:0, instance:Jsoup.jsoupdemo@17bffc17]" started-at="2024-08-27T08:56:14 IST" name="jsoupdemomethod" finished-at="2024-08-27T08:56:14 IST" duration-ms="435" status="PASS">
          <reporter-output>
          </reporter-output>
        </test-method> <!-- jsoupdemomethod -->
        <test-method is-config="true" signature="afterclas()[pri:0, instance:Jsoup.jsoupdemo@17bffc17]" started-at="2024-08-27T08:56:14 IST" name="afterclas" finished-at="2024-08-27T08:56:14 IST" duration-ms="103" status="PASS">
          <reporter-output>
          </reporter-output>
        </test-method> <!-- afterclas -->
      </class> <!-- Jsoup.jsoupdemo -->
    </test> <!-- Default test -->
  </suite> <!-- Default suite -->
</testng-results>
